[2.197s] Invoking command in '/home/benya/PycharmProjects/ros2_control_panel': PYTHONPATH=/home/benya/PycharmProjects/ros2_control_panel/build/rosboard/prefix_override:/home/benya/.local/lib/python3.10/site-packages/colcon_core/task/python/colcon_distutils_commands:/home/benya/PycharmProjects/ros2_control_panel/install/rosboard/lib/python3.10/site-packages:${PYTHONPATH} /usr/bin/python3 -W ignore:setup.py install is deprecated -W ignore:easy_install command is deprecated setup.py egg_info --egg-base build/rosboard build --build-base /home/benya/PycharmProjects/ros2_control_panel/build/rosboard/build install --record /home/benya/PycharmProjects/ros2_control_panel/build/rosboard/install.log --single-version-externally-managed install_data
[3.006s] running egg_info
[3.036s] writing build/rosboard/rosboard.egg-info/PKG-INFO
[3.037s] writing dependency_links to build/rosboard/rosboard.egg-info/dependency_links.txt
[3.037s] writing entry points to build/rosboard/rosboard.egg-info/entry_points.txt
[3.037s] writing requirements to build/rosboard/rosboard.egg-info/requires.txt
[3.038s] writing top-level names to build/rosboard/rosboard.egg-info/top_level.txt
[3.103s] reading manifest file 'build/rosboard/rosboard.egg-info/SOURCES.txt'
[3.104s] adding license file 'LICENSE'
[3.107s] writing manifest file 'build/rosboard/rosboard.egg-info/SOURCES.txt'
[3.108s] running build
[3.108s] running build_py
[3.108s] copying rosboard/rosboard.py -> /home/benya/PycharmProjects/ros2_control_panel/build/rosboard/build/lib/rosboard
[3.117s] running install
[3.128s] running install_lib
[3.163s] copying /home/benya/PycharmProjects/ros2_control_panel/build/rosboard/build/lib/rosboard/rosboard.py -> /home/benya/PycharmProjects/ros2_control_panel/install/rosboard/lib/python3.10/site-packages/rosboard
[3.164s] byte-compiling /home/benya/PycharmProjects/ros2_control_panel/install/rosboard/lib/python3.10/site-packages/rosboard/rosboard.py to rosboard.cpython-310.pyc
[3.168s] running install_data
[3.169s] running install_egg_info
[3.201s] removing '/home/benya/PycharmProjects/ros2_control_panel/install/rosboard/lib/python3.10/site-packages/rosboard-1.3.1-py3.10.egg-info' (and everything under it)
[3.202s] Copying build/rosboard/rosboard.egg-info to /home/benya/PycharmProjects/ros2_control_panel/install/rosboard/lib/python3.10/site-packages/rosboard-1.3.1-py3.10.egg-info
[3.202s] running install_scripts
[3.328s] Installing rosboard_node script to /home/benya/PycharmProjects/ros2_control_panel/install/rosboard/lib/rosboard
[3.330s] writing list of installed files to '/home/benya/PycharmProjects/ros2_control_panel/build/rosboard/install.log'
[3.411s] Invoked command in '/home/benya/PycharmProjects/ros2_control_panel' returned '0': PYTHONPATH=/home/benya/PycharmProjects/ros2_control_panel/build/rosboard/prefix_override:/home/benya/.local/lib/python3.10/site-packages/colcon_core/task/python/colcon_distutils_commands:/home/benya/PycharmProjects/ros2_control_panel/install/rosboard/lib/python3.10/site-packages:${PYTHONPATH} /usr/bin/python3 -W ignore:setup.py install is deprecated -W ignore:easy_install command is deprecated setup.py egg_info --egg-base build/rosboard build --build-base /home/benya/PycharmProjects/ros2_control_panel/build/rosboard/build install --record /home/benya/PycharmProjects/ros2_control_panel/build/rosboard/install.log --single-version-externally-managed install_data
