[0.693s] Invoking command in '/home/benya/PycharmProjects/ros2_control_panel': PYTHONPATH=/home/benya/PycharmProjects/ros2_control_panel/build/rosboard/prefix_override:/home/benya/.local/lib/python3.10/site-packages/colcon_core/task/python/colcon_distutils_commands:/home/benya/PycharmProjects/ros2_control_panel/install/rosboard/lib/python3.10/site-packages:${PYTHONPATH} /usr/bin/python3 -W ignore:setup.py install is deprecated -W ignore:easy_install command is deprecated setup.py egg_info --egg-base build/rosboard build --build-base /home/benya/PycharmProjects/ros2_control_panel/build/rosboard/build install --record /home/benya/PycharmProjects/ros2_control_panel/build/rosboard/install.log --single-version-externally-managed install_data
[0.939s] running egg_info
[0.948s] writing build/rosboard/rosboard.egg-info/PKG-INFO
[0.948s] writing dependency_links to build/rosboard/rosboard.egg-info/dependency_links.txt
[0.948s] writing entry points to build/rosboard/rosboard.egg-info/entry_points.txt
[0.948s] writing requirements to build/rosboard/rosboard.egg-info/requires.txt
[0.948s] writing top-level names to build/rosboard/rosboard.egg-info/top_level.txt
[0.967s] reading manifest file 'build/rosboard/rosboard.egg-info/SOURCES.txt'
[0.967s] adding license file 'LICENSE'
[0.968s] writing manifest file 'build/rosboard/rosboard.egg-info/SOURCES.txt'
[0.968s] running build
[0.969s] running build_py
[0.970s] copying rosboard/html/index.html -> /home/benya/PycharmProjects/ros2_control_panel/build/rosboard/build/lib/rosboard/html
[0.971s] copying rosboard/html/css/index.css -> /home/benya/PycharmProjects/ros2_control_panel/build/rosboard/build/lib/rosboard/html/css
[0.971s] copying rosboard/html/css/images/telematika-logo.png -> /home/benya/PycharmProjects/ros2_control_panel/build/rosboard/build/lib/rosboard/html/css/images
[0.971s] copying rosboard/html/css/images/Logo_red.png -> /home/benya/PycharmProjects/ros2_control_panel/build/rosboard/build/lib/rosboard/html/css/images
[0.972s] running install
[0.975s] running install_lib
[0.984s] copying /home/benya/PycharmProjects/ros2_control_panel/build/rosboard/build/lib/rosboard/html/css/images/telematika-logo.png -> /home/benya/PycharmProjects/ros2_control_panel/install/rosboard/lib/python3.10/site-packages/rosboard/html/css/images
[0.984s] copying /home/benya/PycharmProjects/ros2_control_panel/build/rosboard/build/lib/rosboard/html/css/images/Logo_red.png -> /home/benya/PycharmProjects/ros2_control_panel/install/rosboard/lib/python3.10/site-packages/rosboard/html/css/images
[0.984s] copying /home/benya/PycharmProjects/ros2_control_panel/build/rosboard/build/lib/rosboard/html/css/index.css -> /home/benya/PycharmProjects/ros2_control_panel/install/rosboard/lib/python3.10/site-packages/rosboard/html/css
[0.985s] copying /home/benya/PycharmProjects/ros2_control_panel/build/rosboard/build/lib/rosboard/html/index.html -> /home/benya/PycharmProjects/ros2_control_panel/install/rosboard/lib/python3.10/site-packages/rosboard/html
[0.986s] running install_data
[0.986s] running install_egg_info
[0.995s] removing '/home/benya/PycharmProjects/ros2_control_panel/install/rosboard/lib/python3.10/site-packages/rosboard-1.3.1-py3.10.egg-info' (and everything under it)
[0.995s] Copying build/rosboard/rosboard.egg-info to /home/benya/PycharmProjects/ros2_control_panel/install/rosboard/lib/python3.10/site-packages/rosboard-1.3.1-py3.10.egg-info
[0.996s] running install_scripts
[1.035s] Installing rosboard_node script to /home/benya/PycharmProjects/ros2_control_panel/install/rosboard/lib/rosboard
[1.036s] writing list of installed files to '/home/benya/PycharmProjects/ros2_control_panel/build/rosboard/install.log'
[1.060s] Invoked command in '/home/benya/PycharmProjects/ros2_control_panel' returned '0': PYTHONPATH=/home/benya/PycharmProjects/ros2_control_panel/build/rosboard/prefix_override:/home/benya/.local/lib/python3.10/site-packages/colcon_core/task/python/colcon_distutils_commands:/home/benya/PycharmProjects/ros2_control_panel/install/rosboard/lib/python3.10/site-packages:${PYTHONPATH} /usr/bin/python3 -W ignore:setup.py install is deprecated -W ignore:easy_install command is deprecated setup.py egg_info --egg-base build/rosboard build --build-base /home/benya/PycharmProjects/ros2_control_panel/build/rosboard/build install --record /home/benya/PycharmProjects/ros2_control_panel/build/rosboard/install.log --single-version-externally-managed install_data
