[0.705s] Invoking command in '/home/benya/PycharmProjects/ros2_control_panel': PYTHONPATH=/home/benya/PycharmProjects/ros2_control_panel/build/rosboard/prefix_override:/home/benya/.local/lib/python3.10/site-packages/colcon_core/task/python/colcon_distutils_commands:/home/benya/PycharmProjects/ros2_control_panel/install/rosboard/lib/python3.10/site-packages:${PYTHONPATH} /usr/bin/python3 -W ignore:setup.py install is deprecated -W ignore:easy_install command is deprecated setup.py egg_info --egg-base build/rosboard build --build-base /home/benya/PycharmProjects/ros2_control_panel/build/rosboard/build install --record /home/benya/PycharmProjects/ros2_control_panel/build/rosboard/install.log --single-version-externally-managed install_data
[0.957s] running egg_info
[0.967s] writing build/rosboard/rosboard.egg-info/PKG-INFO
[0.967s] writing dependency_links to build/rosboard/rosboard.egg-info/dependency_links.txt
[0.967s] writing entry points to build/rosboard/rosboard.egg-info/entry_points.txt
[0.967s] writing requirements to build/rosboard/rosboard.egg-info/requires.txt
[0.967s] writing top-level names to build/rosboard/rosboard.egg-info/top_level.txt
[0.986s] reading manifest file 'build/rosboard/rosboard.egg-info/SOURCES.txt'
[0.986s] adding license file 'LICENSE'
[0.987s] writing manifest file 'build/rosboard/rosboard.egg-info/SOURCES.txt'
[0.987s] running build
[0.988s] running build_py
[0.989s] copying rosboard/html/fonts/TTOctosquaresExp-Bold.woff2 -> /home/benya/PycharmProjects/ros2_control_panel/build/rosboard/build/lib/rosboard/html/fonts
[0.989s] copying rosboard/html/fonts/TTOctosquaresExp-Bold.ttf -> /home/benya/PycharmProjects/ros2_control_panel/build/rosboard/build/lib/rosboard/html/fonts
[0.989s] copying rosboard/html/fonts/TTOctosquaresExp-Bold.woff -> /home/benya/PycharmProjects/ros2_control_panel/build/rosboard/build/lib/rosboard/html/fonts
[0.990s] copying rosboard/html/css/index.css -> /home/benya/PycharmProjects/ros2_control_panel/build/rosboard/build/lib/rosboard/html/css
[0.991s] running install
[0.994s] running install_lib
[1.003s] copying /home/benya/PycharmProjects/ros2_control_panel/build/rosboard/build/lib/rosboard/html/css/index.css -> /home/benya/PycharmProjects/ros2_control_panel/install/rosboard/lib/python3.10/site-packages/rosboard/html/css
[1.004s] copying /home/benya/PycharmProjects/ros2_control_panel/build/rosboard/build/lib/rosboard/html/fonts/TTOctosquaresExp-Bold.woff2 -> /home/benya/PycharmProjects/ros2_control_panel/install/rosboard/lib/python3.10/site-packages/rosboard/html/fonts
[1.005s] copying /home/benya/PycharmProjects/ros2_control_panel/build/rosboard/build/lib/rosboard/html/fonts/TTOctosquaresExp-Bold.ttf -> /home/benya/PycharmProjects/ros2_control_panel/install/rosboard/lib/python3.10/site-packages/rosboard/html/fonts
[1.005s] copying /home/benya/PycharmProjects/ros2_control_panel/build/rosboard/build/lib/rosboard/html/fonts/TTOctosquaresExp-Bold.woff -> /home/benya/PycharmProjects/ros2_control_panel/install/rosboard/lib/python3.10/site-packages/rosboard/html/fonts
[1.005s] running install_data
[1.006s] running install_egg_info
[1.016s] removing '/home/benya/PycharmProjects/ros2_control_panel/install/rosboard/lib/python3.10/site-packages/rosboard-1.3.1-py3.10.egg-info' (and everything under it)
[1.016s] Copying build/rosboard/rosboard.egg-info to /home/benya/PycharmProjects/ros2_control_panel/install/rosboard/lib/python3.10/site-packages/rosboard-1.3.1-py3.10.egg-info
[1.017s] running install_scripts
[1.061s] Installing rosboard_node script to /home/benya/PycharmProjects/ros2_control_panel/install/rosboard/lib/rosboard
[1.061s] writing list of installed files to '/home/benya/PycharmProjects/ros2_control_panel/build/rosboard/install.log'
[1.087s] Invoked command in '/home/benya/PycharmProjects/ros2_control_panel' returned '0': PYTHONPATH=/home/benya/PycharmProjects/ros2_control_panel/build/rosboard/prefix_override:/home/benya/.local/lib/python3.10/site-packages/colcon_core/task/python/colcon_distutils_commands:/home/benya/PycharmProjects/ros2_control_panel/install/rosboard/lib/python3.10/site-packages:${PYTHONPATH} /usr/bin/python3 -W ignore:setup.py install is deprecated -W ignore:easy_install command is deprecated setup.py egg_info --egg-base build/rosboard build --build-base /home/benya/PycharmProjects/ros2_control_panel/build/rosboard/build install --record /home/benya/PycharmProjects/ros2_control_panel/build/rosboard/install.log --single-version-externally-managed install_data
