[0.152s] DEBUG:colcon:Command line arguments: ['/home/benya/.local/bin/colcon', 'build']
[0.152s] DEBUG:colcon:Parsed command line arguments: Namespace(log_base=None, log_level=None, verb_name='build', build_base='build', install_base='install', merge_install=False, symlink_install=False, test_result_base=None, continue_on_error=False, executor='parallel', parallel_workers=12, event_handlers=None, ignore_user_meta=False, metas=['./colcon.meta'], base_paths=['.'], packages_ignore=None, packages_ignore_regex=None, paths=None, packages_up_to=None, packages_up_to_regex=None, packages_above=None, packages_above_and_dependencies=None, packages_above_depth=None, packages_select_by_dep=None, packages_skip_by_dep=None, packages_skip_up_to=None, packages_select_build_failed=False, packages_skip_build_finished=False, packages_select_test_failures=False, packages_skip_test_passed=False, packages_select=None, packages_skip=None, packages_select_regex=None, packages_skip_regex=None, packages_start=None, packages_end=None, allow_overriding=[], cmake_args=None, cmake_target=None, cmake_target_skip_unavailable=False, cmake_clean_cache=False, cmake_clean_first=False, cmake_force_configure=False, ament_cmake_args=None, catkin_cmake_args=None, catkin_skip_building_tests=False, mixin_files=None, mixin=None, verb_parser=<colcon_mixin.mixin.mixin_argument.MixinArgumentDecorator object at 0x75aa13e2b340>, verb_extension=<colcon_core.verb.build.BuildVerb object at 0x75aa13e2ab30>, main=<bound method BuildVerb.main of <colcon_core.verb.build.BuildVerb object at 0x75aa13e2ab30>>, mixin_verb=('build',))
[0.281s] Level 1:colcon.colcon_core.package_discovery:discover_packages(colcon_meta) check parameters
[0.281s] Level 1:colcon.colcon_core.package_discovery:discover_packages(recursive) check parameters
[0.281s] Level 1:colcon.colcon_core.package_discovery:discover_packages(ignore) check parameters
[0.281s] Level 1:colcon.colcon_core.package_discovery:discover_packages(path) check parameters
[0.281s] Level 1:colcon.colcon_core.package_discovery:discover_packages(colcon_meta) discover
[0.281s] Level 1:colcon.colcon_core.package_discovery:discover_packages(recursive) discover
[0.281s] INFO:colcon.colcon_core.package_discovery:Crawling recursively for packages in '/home/benya/PycharmProjects/ros2_control_panel'
[0.281s] Level 1:colcon.colcon_core.package_identification:_identify(.) by extensions ['ignore', 'ignore_ament_install']
[0.281s] Level 1:colcon.colcon_core.package_identification:_identify(.) by extension 'ignore'
[0.281s] Level 1:colcon.colcon_core.package_identification:_identify(.) by extension 'ignore_ament_install'
[0.281s] Level 1:colcon.colcon_core.package_identification:_identify(.) by extensions ['colcon_pkg']
[0.281s] Level 1:colcon.colcon_core.package_identification:_identify(.) by extension 'colcon_pkg'
[0.281s] Level 1:colcon.colcon_core.package_identification:_identify(.) by extensions ['colcon_meta']
[0.281s] Level 1:colcon.colcon_core.package_identification:_identify(.) by extension 'colcon_meta'
[0.281s] Level 1:colcon.colcon_core.package_identification:_identify(.) by extensions ['ros']
[0.281s] Level 1:colcon.colcon_core.package_identification:_identify(.) by extension 'ros'
[0.295s] DEBUG:colcon.colcon_core.package_identification:Package '.' with type 'ros.catkin' and name 'rosboard'
[0.295s] Level 1:colcon.colcon_core.package_discovery:discover_packages(recursive) using defaults
[0.295s] Level 1:colcon.colcon_core.package_discovery:discover_packages(ignore) discover
[0.295s] Level 1:colcon.colcon_core.package_discovery:discover_packages(ignore) using defaults
[0.295s] Level 1:colcon.colcon_core.package_discovery:discover_packages(path) discover
[0.295s] Level 1:colcon.colcon_core.package_discovery:discover_packages(path) using defaults
[0.311s] Level 1:colcon.colcon_core.package_discovery:discover_packages(prefix_path) check parameters
[0.311s] Level 1:colcon.colcon_core.package_discovery:discover_packages(prefix_path) discover
[0.312s] Level 1:colcon.colcon_core.package_discovery:discover_packages(prefix_path) using defaults
[0.313s] Level 5:colcon.colcon_core.verb:set package 'rosboard' build argument 'cmake_args' from command line to 'None'
[0.313s] Level 5:colcon.colcon_core.verb:set package 'rosboard' build argument 'cmake_target' from command line to 'None'
[0.313s] Level 5:colcon.colcon_core.verb:set package 'rosboard' build argument 'cmake_target_skip_unavailable' from command line to 'False'
[0.313s] Level 5:colcon.colcon_core.verb:set package 'rosboard' build argument 'cmake_clean_cache' from command line to 'False'
[0.313s] Level 5:colcon.colcon_core.verb:set package 'rosboard' build argument 'cmake_clean_first' from command line to 'False'
[0.313s] Level 5:colcon.colcon_core.verb:set package 'rosboard' build argument 'cmake_force_configure' from command line to 'False'
[0.313s] Level 5:colcon.colcon_core.verb:set package 'rosboard' build argument 'ament_cmake_args' from command line to 'None'
[0.313s] Level 5:colcon.colcon_core.verb:set package 'rosboard' build argument 'catkin_cmake_args' from command line to 'None'
[0.313s] Level 5:colcon.colcon_core.verb:set package 'rosboard' build argument 'catkin_skip_building_tests' from command line to 'False'
[0.313s] DEBUG:colcon.colcon_core.verb:Building package 'rosboard' with the following arguments: {'ament_cmake_args': None, 'build_base': '/home/benya/PycharmProjects/ros2_control_panel/build/rosboard', 'catkin_cmake_args': None, 'catkin_skip_building_tests': False, 'cmake_args': None, 'cmake_clean_cache': False, 'cmake_clean_first': False, 'cmake_force_configure': False, 'cmake_target': None, 'cmake_target_skip_unavailable': False, 'install_base': '/home/benya/PycharmProjects/ros2_control_panel/install/rosboard', 'merge_install': False, 'path': '/home/benya/PycharmProjects/ros2_control_panel', 'symlink_install': False, 'test_result_base': None}
[0.313s] INFO:colcon.colcon_core.executor:Executing jobs using 'parallel' executor
[0.314s] DEBUG:colcon.colcon_parallel_executor.executor.parallel:run_until_complete
[0.314s] INFO:colcon.colcon_ros.task.catkin.build:Building ROS package in '/home/benya/PycharmProjects/ros2_control_panel' with build type 'catkin'
[0.314s] INFO:colcon.colcon_cmake.task.cmake.build:Building CMake package in '/home/benya/PycharmProjects/ros2_control_panel'
[0.316s] INFO:colcon.colcon_core.plugin_system:Skipping extension 'colcon_core.shell.bat': Not used on non-Windows systems
[0.316s] INFO:colcon.colcon_core.shell:Skip shell extension 'powershell' for command environment: Not usable outside of PowerShell
[0.316s] DEBUG:colcon.colcon_core.shell:Skip shell extension 'dsv' for command environment
[0.325s] DEBUG:colcon.colcon_core.event_handler.log_command:Invoking command in '/home/benya/PycharmProjects/ros2_control_panel/build/rosboard': /usr/bin/cmake /home/benya/PycharmProjects/ros2_control_panel -DCATKIN_INSTALL_INTO_PREFIX_ROOT=0 -DCMAKE_INSTALL_PREFIX=/home/benya/PycharmProjects/ros2_control_panel/install/rosboard
[0.747s] DEBUG:colcon.colcon_core.event_handler.log_command:Invoked command in '/home/benya/PycharmProjects/ros2_control_panel/build/rosboard' returned '1': /usr/bin/cmake /home/benya/PycharmProjects/ros2_control_panel -DCATKIN_INSTALL_INTO_PREFIX_ROOT=0 -DCMAKE_INSTALL_PREFIX=/home/benya/PycharmProjects/ros2_control_panel/install/rosboard
[0.762s] Level 1:colcon.colcon_core.environment:create_environment_scripts_only(rosboard)
[0.766s] Level 1:colcon.colcon_core.environment:checking '/home/benya/PycharmProjects/ros2_control_panel/install/rosboard' for CMake module files
[0.766s] Level 1:colcon.colcon_core.environment:checking '/home/benya/PycharmProjects/ros2_control_panel/install/rosboard' for CMake config files
[0.767s] Level 1:colcon.colcon_core.environment:checking '/home/benya/PycharmProjects/ros2_control_panel/install/rosboard/lib'
[0.767s] Level 1:colcon.colcon_core.environment:checking '/home/benya/PycharmProjects/ros2_control_panel/install/rosboard/bin'
[0.768s] Level 1:colcon.colcon_core.environment:checking '/home/benya/PycharmProjects/ros2_control_panel/install/rosboard/lib/pkgconfig/rosboard.pc'
[0.769s] Level 1:colcon.colcon_core.environment:checking '/home/benya/PycharmProjects/ros2_control_panel/install/rosboard/lib/python3.10/site-packages'
[0.769s] Level 1:colcon.colcon_core.shell:create_environment_hook('rosboard', 'pythonpath')
[0.769s] INFO:colcon.colcon_core.shell:Creating environment hook '/home/benya/PycharmProjects/ros2_control_panel/install/rosboard/share/rosboard/hook/pythonpath.ps1'
[0.770s] INFO:colcon.colcon_core.shell:Creating environment descriptor '/home/benya/PycharmProjects/ros2_control_panel/install/rosboard/share/rosboard/hook/pythonpath.dsv'
[0.771s] INFO:colcon.colcon_core.shell:Creating environment hook '/home/benya/PycharmProjects/ros2_control_panel/install/rosboard/share/rosboard/hook/pythonpath.sh'
[0.771s] Level 1:colcon.colcon_core.environment:checking '/home/benya/PycharmProjects/ros2_control_panel/install/rosboard/bin'
[0.772s] INFO:colcon.colcon_core.shell:Creating package script '/home/benya/PycharmProjects/ros2_control_panel/install/rosboard/share/rosboard/package.ps1'
[0.773s] INFO:colcon.colcon_core.shell:Creating package descriptor '/home/benya/PycharmProjects/ros2_control_panel/install/rosboard/share/rosboard/package.dsv'
[0.773s] INFO:colcon.colcon_core.shell:Creating package script '/home/benya/PycharmProjects/ros2_control_panel/install/rosboard/share/rosboard/package.sh'
[0.774s] INFO:colcon.colcon_core.shell:Creating package script '/home/benya/PycharmProjects/ros2_control_panel/install/rosboard/share/rosboard/package.bash'
[0.774s] INFO:colcon.colcon_core.shell:Creating package script '/home/benya/PycharmProjects/ros2_control_panel/install/rosboard/share/rosboard/package.zsh'
[0.775s] Level 1:colcon.colcon_core.environment:create_file_with_runtime_dependencies(/home/benya/PycharmProjects/ros2_control_panel/install/rosboard/share/colcon-core/packages/rosboard)
[0.785s] DEBUG:colcon.colcon_parallel_executor.executor.parallel:closing loop
[0.785s] DEBUG:colcon.colcon_parallel_executor.executor.parallel:loop closed
[0.785s] DEBUG:colcon.colcon_parallel_executor.executor.parallel:run_until_complete finished with '1'
[0.785s] DEBUG:colcon.colcon_core.event_reactor:joining thread
[0.792s] INFO:colcon.colcon_core.plugin_system:Skipping extension 'colcon_notification.desktop_notification.notify_send': Could not find 'notify-send'
[0.792s] INFO:colcon.colcon_core.plugin_system:Skipping extension 'colcon_notification.desktop_notification.terminal_notifier': Not used on non-Darwin systems
[0.792s] INFO:colcon.colcon_core.plugin_system:Skipping extension 'colcon_notification.desktop_notification.win32': Not used on non-Windows systems
[0.792s] INFO:colcon.colcon_notification.desktop_notification:Sending desktop notification using 'notify2'
[0.811s] DEBUG:colcon.colcon_core.event_reactor:joined thread
[0.811s] INFO:colcon.colcon_core.shell:Creating prefix script '/home/benya/PycharmProjects/ros2_control_panel/install/local_setup.ps1'
[0.812s] INFO:colcon.colcon_core.shell:Creating prefix util module '/home/benya/PycharmProjects/ros2_control_panel/install/_local_setup_util_ps1.py'
[0.814s] INFO:colcon.colcon_core.shell:Creating prefix chain script '/home/benya/PycharmProjects/ros2_control_panel/install/setup.ps1'
[0.816s] INFO:colcon.colcon_core.shell:Creating prefix script '/home/benya/PycharmProjects/ros2_control_panel/install/local_setup.sh'
[0.816s] INFO:colcon.colcon_core.shell:Creating prefix util module '/home/benya/PycharmProjects/ros2_control_panel/install/_local_setup_util_sh.py'
[0.817s] INFO:colcon.colcon_core.shell:Creating prefix chain script '/home/benya/PycharmProjects/ros2_control_panel/install/setup.sh'
[0.818s] INFO:colcon.colcon_core.shell:Creating prefix script '/home/benya/PycharmProjects/ros2_control_panel/install/local_setup.bash'
[0.819s] INFO:colcon.colcon_core.shell:Creating prefix chain script '/home/benya/PycharmProjects/ros2_control_panel/install/setup.bash'
[0.820s] INFO:colcon.colcon_core.shell:Creating prefix script '/home/benya/PycharmProjects/ros2_control_panel/install/local_setup.zsh'
[0.821s] INFO:colcon.colcon_core.shell:Creating prefix chain script '/home/benya/PycharmProjects/ros2_control_panel/install/setup.zsh'
