[0.546s] DEBUG:colcon:Command line arguments: ['/home/benya/.local/bin/colcon', 'build']
[0.546s] DEBUG:colcon:Parsed command line arguments: Namespace(log_base=None, log_level=None, verb_name='build', build_base='build', install_base='install', merge_install=False, symlink_install=False, test_result_base=None, continue_on_error=False, executor='parallel', parallel_workers=12, event_handlers=None, ignore_user_meta=False, metas=['./colcon.meta'], base_paths=['.'], packages_ignore=None, packages_ignore_regex=None, paths=None, packages_up_to=None, packages_up_to_regex=None, packages_above=None, packages_above_and_dependencies=None, packages_above_depth=None, packages_select_by_dep=None, packages_skip_by_dep=None, packages_skip_up_to=None, packages_select_build_failed=False, packages_skip_build_finished=False, packages_select_test_failures=False, packages_skip_test_passed=False, packages_select=None, packages_skip=None, packages_select_regex=None, packages_skip_regex=None, packages_start=None, packages_end=None, allow_overriding=[], cmake_args=None, cmake_target=None, cmake_target_skip_unavailable=False, cmake_clean_cache=False, cmake_clean_first=False, cmake_force_configure=False, ament_cmake_args=None, catkin_cmake_args=None, catkin_skip_building_tests=False, mixin_files=None, mixin=None, verb_parser=<colcon_mixin.mixin.mixin_argument.MixinArgumentDecorator object at 0x7d99849847f0>, verb_extension=<colcon_core.verb.build.BuildVerb object at 0x7d9984984220>, main=<bound method BuildVerb.main of <colcon_core.verb.build.BuildVerb object at 0x7d9984984220>>, mixin_verb=('build',))
[1.404s] Level 1:colcon.colcon_core.package_discovery:discover_packages(colcon_meta) check parameters
[1.404s] Level 1:colcon.colcon_core.package_discovery:discover_packages(recursive) check parameters
[1.404s] Level 1:colcon.colcon_core.package_discovery:discover_packages(ignore) check parameters
[1.404s] Level 1:colcon.colcon_core.package_discovery:discover_packages(path) check parameters
[1.404s] Level 1:colcon.colcon_core.package_discovery:discover_packages(colcon_meta) discover
[1.405s] Level 1:colcon.colcon_core.package_discovery:discover_packages(recursive) discover
[1.405s] INFO:colcon.colcon_core.package_discovery:Crawling recursively for packages in '/home/benya/PycharmProjects/ros2_control_panel'
[1.405s] Level 1:colcon.colcon_core.package_identification:_identify(.) by extensions ['ignore', 'ignore_ament_install']
[1.405s] Level 1:colcon.colcon_core.package_identification:_identify(.) by extension 'ignore'
[1.405s] Level 1:colcon.colcon_core.package_identification:_identify(.) by extension 'ignore_ament_install'
[1.406s] Level 1:colcon.colcon_core.package_identification:_identify(.) by extensions ['colcon_pkg']
[1.406s] Level 1:colcon.colcon_core.package_identification:_identify(.) by extension 'colcon_pkg'
[1.406s] Level 1:colcon.colcon_core.package_identification:_identify(.) by extensions ['colcon_meta']
[1.406s] Level 1:colcon.colcon_core.package_identification:_identify(.) by extension 'colcon_meta'
[1.406s] Level 1:colcon.colcon_core.package_identification:_identify(.) by extensions ['ros']
[1.406s] Level 1:colcon.colcon_core.package_identification:_identify(.) by extension 'ros'
[1.465s] DEBUG:colcon.colcon_core.package_identification:Package '.' with type 'ros.ament_python' and name 'rosboard'
[1.465s] Level 1:colcon.colcon_core.package_discovery:discover_packages(recursive) using defaults
[1.466s] Level 1:colcon.colcon_core.package_discovery:discover_packages(ignore) discover
[1.466s] Level 1:colcon.colcon_core.package_discovery:discover_packages(ignore) using defaults
[1.466s] Level 1:colcon.colcon_core.package_discovery:discover_packages(path) discover
[1.466s] Level 1:colcon.colcon_core.package_discovery:discover_packages(path) using defaults
[1.550s] Level 1:colcon.colcon_core.package_discovery:discover_packages(prefix_path) check parameters
[1.551s] Level 1:colcon.colcon_core.package_discovery:discover_packages(prefix_path) discover
[1.559s] DEBUG:colcon.colcon_installed_package_information.package_discovery:Found 1 installed packages in /home/benya/PycharmProjects/ros2_control_panel/install
[1.567s] DEBUG:colcon.colcon_installed_package_information.package_discovery:Found 406 installed packages in /opt/ros/humble
[1.576s] Level 1:colcon.colcon_core.package_discovery:discover_packages(prefix_path) using defaults
[1.763s] Level 5:colcon.colcon_core.verb:set package 'rosboard' build argument 'cmake_args' from command line to 'None'
[1.763s] Level 5:colcon.colcon_core.verb:set package 'rosboard' build argument 'cmake_target' from command line to 'None'
[1.763s] Level 5:colcon.colcon_core.verb:set package 'rosboard' build argument 'cmake_target_skip_unavailable' from command line to 'False'
[1.764s] Level 5:colcon.colcon_core.verb:set package 'rosboard' build argument 'cmake_clean_cache' from command line to 'False'
[1.764s] Level 5:colcon.colcon_core.verb:set package 'rosboard' build argument 'cmake_clean_first' from command line to 'False'
[1.764s] Level 5:colcon.colcon_core.verb:set package 'rosboard' build argument 'cmake_force_configure' from command line to 'False'
[1.764s] Level 5:colcon.colcon_core.verb:set package 'rosboard' build argument 'ament_cmake_args' from command line to 'None'
[1.764s] Level 5:colcon.colcon_core.verb:set package 'rosboard' build argument 'catkin_cmake_args' from command line to 'None'
[1.764s] Level 5:colcon.colcon_core.verb:set package 'rosboard' build argument 'catkin_skip_building_tests' from command line to 'False'
[1.764s] DEBUG:colcon.colcon_core.verb:Building package 'rosboard' with the following arguments: {'ament_cmake_args': None, 'build_base': '/home/benya/PycharmProjects/ros2_control_panel/build/rosboard', 'catkin_cmake_args': None, 'catkin_skip_building_tests': False, 'cmake_args': None, 'cmake_clean_cache': False, 'cmake_clean_first': False, 'cmake_force_configure': False, 'cmake_target': None, 'cmake_target_skip_unavailable': False, 'install_base': '/home/benya/PycharmProjects/ros2_control_panel/install/rosboard', 'merge_install': False, 'path': '/home/benya/PycharmProjects/ros2_control_panel', 'symlink_install': False, 'test_result_base': None}
[1.765s] INFO:colcon.colcon_core.executor:Executing jobs using 'parallel' executor
[1.769s] DEBUG:colcon.colcon_parallel_executor.executor.parallel:run_until_complete
[1.770s] INFO:colcon.colcon_ros.task.ament_python.build:Building ROS package in '/home/benya/PycharmProjects/ros2_control_panel' with build type 'ament_python'
[1.770s] Level 1:colcon.colcon_core.shell:create_environment_hook('rosboard', 'ament_prefix_path')
[1.781s] INFO:colcon.colcon_core.plugin_system:Skipping extension 'colcon_core.shell.bat': Not used on non-Windows systems
[1.782s] INFO:colcon.colcon_core.shell:Creating environment hook '/home/benya/PycharmProjects/ros2_control_panel/install/rosboard/share/rosboard/hook/ament_prefix_path.ps1'
[1.783s] INFO:colcon.colcon_core.shell:Creating environment descriptor '/home/benya/PycharmProjects/ros2_control_panel/install/rosboard/share/rosboard/hook/ament_prefix_path.dsv'
[1.784s] INFO:colcon.colcon_core.shell:Creating environment hook '/home/benya/PycharmProjects/ros2_control_panel/install/rosboard/share/rosboard/hook/ament_prefix_path.sh'
[1.787s] INFO:colcon.colcon_core.shell:Skip shell extension 'powershell' for command environment: Not usable outside of PowerShell
[1.787s] DEBUG:colcon.colcon_core.shell:Skip shell extension 'dsv' for command environment
[3.298s] INFO:colcon.colcon_core.task.python.build:Building Python package in '/home/benya/PycharmProjects/ros2_control_panel'
[3.299s] INFO:colcon.colcon_core.shell:Skip shell extension 'powershell' for command environment: Not usable outside of PowerShell
[3.299s] DEBUG:colcon.colcon_core.shell:Skip shell extension 'dsv' for command environment
[5.814s] DEBUG:colcon.colcon_core.event_handler.log_command:Invoking command in '/home/benya/PycharmProjects/ros2_control_panel': PYTHONPATH=/home/benya/PycharmProjects/ros2_control_panel/build/rosboard/prefix_override:/home/benya/.local/lib/python3.10/site-packages/colcon_core/task/python/colcon_distutils_commands:/home/benya/PycharmProjects/ros2_control_panel/install/rosboard/lib/python3.10/site-packages:${PYTHONPATH} /usr/bin/python3 -W ignore:setup.py install is deprecated -W ignore:easy_install command is deprecated setup.py egg_info --egg-base build/rosboard build --build-base /home/benya/PycharmProjects/ros2_control_panel/build/rosboard/build install --record /home/benya/PycharmProjects/ros2_control_panel/build/rosboard/install.log --single-version-externally-managed install_data
[8.321s] DEBUG:colcon.colcon_core.event_handler.log_command:Invoked command in '/home/benya/PycharmProjects/ros2_control_panel' returned '0': PYTHONPATH=/home/benya/PycharmProjects/ros2_control_panel/build/rosboard/prefix_override:/home/benya/.local/lib/python3.10/site-packages/colcon_core/task/python/colcon_distutils_commands:/home/benya/PycharmProjects/ros2_control_panel/install/rosboard/lib/python3.10/site-packages:${PYTHONPATH} /usr/bin/python3 -W ignore:setup.py install is deprecated -W ignore:easy_install command is deprecated setup.py egg_info --egg-base build/rosboard build --build-base /home/benya/PycharmProjects/ros2_control_panel/build/rosboard/build install --record /home/benya/PycharmProjects/ros2_control_panel/build/rosboard/install.log --single-version-externally-managed install_data
[8.331s] Level 1:colcon.colcon_core.environment:checking '/home/benya/PycharmProjects/ros2_control_panel/install/rosboard' for CMake module files
[8.332s] Level 1:colcon.colcon_core.environment:checking '/home/benya/PycharmProjects/ros2_control_panel/install/rosboard' for CMake config files
[8.337s] Level 1:colcon.colcon_core.environment:checking '/home/benya/PycharmProjects/ros2_control_panel/install/rosboard/lib'
[8.339s] Level 1:colcon.colcon_core.environment:checking '/home/benya/PycharmProjects/ros2_control_panel/install/rosboard/bin'
[8.339s] Level 1:colcon.colcon_core.environment:checking '/home/benya/PycharmProjects/ros2_control_panel/install/rosboard/lib/pkgconfig/rosboard.pc'
[8.340s] Level 1:colcon.colcon_core.environment:checking '/home/benya/PycharmProjects/ros2_control_panel/install/rosboard/lib/python3.10/site-packages'
[8.341s] Level 1:colcon.colcon_core.shell:create_environment_hook('rosboard', 'pythonpath')
[8.342s] INFO:colcon.colcon_core.shell:Creating environment hook '/home/benya/PycharmProjects/ros2_control_panel/install/rosboard/share/rosboard/hook/pythonpath.ps1'
[8.346s] INFO:colcon.colcon_core.shell:Creating environment descriptor '/home/benya/PycharmProjects/ros2_control_panel/install/rosboard/share/rosboard/hook/pythonpath.dsv'
[8.349s] INFO:colcon.colcon_core.shell:Creating environment hook '/home/benya/PycharmProjects/ros2_control_panel/install/rosboard/share/rosboard/hook/pythonpath.sh'
[8.353s] Level 1:colcon.colcon_core.environment:checking '/home/benya/PycharmProjects/ros2_control_panel/install/rosboard/bin'
[8.354s] Level 1:colcon.colcon_core.environment:create_environment_scripts_only(rosboard)
[8.356s] INFO:colcon.colcon_core.shell:Creating package script '/home/benya/PycharmProjects/ros2_control_panel/install/rosboard/share/rosboard/package.ps1'
[8.360s] INFO:colcon.colcon_core.shell:Creating package descriptor '/home/benya/PycharmProjects/ros2_control_panel/install/rosboard/share/rosboard/package.dsv'
[8.363s] INFO:colcon.colcon_core.shell:Creating package script '/home/benya/PycharmProjects/ros2_control_panel/install/rosboard/share/rosboard/package.sh'
[8.366s] INFO:colcon.colcon_core.shell:Creating package script '/home/benya/PycharmProjects/ros2_control_panel/install/rosboard/share/rosboard/package.bash'
[8.369s] INFO:colcon.colcon_core.shell:Creating package script '/home/benya/PycharmProjects/ros2_control_panel/install/rosboard/share/rosboard/package.zsh'
[8.372s] Level 1:colcon.colcon_core.environment:create_file_with_runtime_dependencies(/home/benya/PycharmProjects/ros2_control_panel/install/rosboard/share/colcon-core/packages/rosboard)
[8.373s] DEBUG:colcon.colcon_parallel_executor.executor.parallel:closing loop
[8.374s] DEBUG:colcon.colcon_parallel_executor.executor.parallel:loop closed
[8.375s] DEBUG:colcon.colcon_parallel_executor.executor.parallel:run_until_complete finished with '0'
[8.375s] DEBUG:colcon.colcon_core.event_reactor:joining thread
[8.395s] INFO:colcon.colcon_core.plugin_system:Skipping extension 'colcon_notification.desktop_notification.notify_send': Could not find 'notify-send'
[8.395s] INFO:colcon.colcon_core.plugin_system:Skipping extension 'colcon_notification.desktop_notification.terminal_notifier': Not used on non-Darwin systems
[8.396s] INFO:colcon.colcon_core.plugin_system:Skipping extension 'colcon_notification.desktop_notification.win32': Not used on non-Windows systems
[8.396s] INFO:colcon.colcon_notification.desktop_notification:Sending desktop notification using 'notify2'
[8.452s] DEBUG:colcon.colcon_core.event_reactor:joined thread
[8.453s] INFO:colcon.colcon_core.shell:Creating prefix script '/home/benya/PycharmProjects/ros2_control_panel/install/local_setup.ps1'
[8.458s] INFO:colcon.colcon_core.shell:Creating prefix util module '/home/benya/PycharmProjects/ros2_control_panel/install/_local_setup_util_ps1.py'
[8.463s] INFO:colcon.colcon_core.shell:Creating prefix chain script '/home/benya/PycharmProjects/ros2_control_panel/install/setup.ps1'
[8.468s] INFO:colcon.colcon_core.shell:Creating prefix script '/home/benya/PycharmProjects/ros2_control_panel/install/local_setup.sh'
[8.470s] INFO:colcon.colcon_core.shell:Creating prefix util module '/home/benya/PycharmProjects/ros2_control_panel/install/_local_setup_util_sh.py'
[8.472s] INFO:colcon.colcon_core.shell:Creating prefix chain script '/home/benya/PycharmProjects/ros2_control_panel/install/setup.sh'
[8.477s] INFO:colcon.colcon_core.shell:Creating prefix script '/home/benya/PycharmProjects/ros2_control_panel/install/local_setup.bash'
[8.480s] INFO:colcon.colcon_core.shell:Creating prefix chain script '/home/benya/PycharmProjects/ros2_control_panel/install/setup.bash'
[8.485s] INFO:colcon.colcon_core.shell:Creating prefix script '/home/benya/PycharmProjects/ros2_control_panel/install/local_setup.zsh'
[8.488s] INFO:colcon.colcon_core.shell:Creating prefix chain script '/home/benya/PycharmProjects/ros2_control_panel/install/setup.zsh'
