[4.444s] Invoking command in '/home/benya/PycharmProjects/ros2_control_panel': PYTHONPATH=/home/benya/PycharmProjects/ros2_control_panel/build/rosboard/prefix_override:/home/benya/.local/lib/python3.10/site-packages/colcon_core/task/python/colcon_distutils_commands:/home/benya/PycharmProjects/ros2_control_panel/install/rosboard/lib/python3.10/site-packages:${PYTHONPATH} /usr/bin/python3 -W ignore:setup.py install is deprecated -W ignore:easy_install command is deprecated setup.py egg_info --egg-base build/rosboard build --build-base /home/benya/PycharmProjects/ros2_control_panel/build/rosboard/build install --record /home/benya/PycharmProjects/ros2_control_panel/build/rosboard/install.log --single-version-externally-managed install_data
[6.195s] running egg_info
[6.243s] writing build/rosboard/rosboard.egg-info/PKG-INFO
[6.243s] writing dependency_links to build/rosboard/rosboard.egg-info/dependency_links.txt
[6.244s] writing entry points to build/rosboard/rosboard.egg-info/entry_points.txt
[6.244s] writing requirements to build/rosboard/rosboard.egg-info/requires.txt
[6.245s] writing top-level names to build/rosboard/rosboard.egg-info/top_level.txt
[6.405s] reading manifest file 'build/rosboard/rosboard.egg-info/SOURCES.txt'
[6.406s] adding license file 'LICENSE'
[6.410s] writing manifest file 'build/rosboard/rosboard.egg-info/SOURCES.txt'
[6.411s] running build
[6.411s] running build_py
[6.412s] copying rosboard/rosboard.py -> /home/benya/PycharmProjects/ros2_control_panel/build/rosboard/build/lib/rosboard
[6.423s] running install
[6.436s] running install_lib
[6.525s] copying /home/benya/PycharmProjects/ros2_control_panel/build/rosboard/build/lib/rosboard/rosboard.py -> /home/benya/PycharmProjects/ros2_control_panel/install/rosboard/lib/python3.10/site-packages/rosboard
[6.528s] byte-compiling /home/benya/PycharmProjects/ros2_control_panel/install/rosboard/lib/python3.10/site-packages/rosboard/rosboard.py to rosboard.cpython-310.pyc
[6.536s] running install_data
[6.537s] running install_egg_info
[6.632s] removing '/home/benya/PycharmProjects/ros2_control_panel/install/rosboard/lib/python3.10/site-packages/rosboard-1.3.1-py3.10.egg-info' (and everything under it)
[6.634s] Copying build/rosboard/rosboard.egg-info to /home/benya/PycharmProjects/ros2_control_panel/install/rosboard/lib/python3.10/site-packages/rosboard-1.3.1-py3.10.egg-info
[6.637s] running install_scripts
[6.906s] Installing rosboard_node script to /home/benya/PycharmProjects/ros2_control_panel/install/rosboard/lib/rosboard
[6.911s] writing list of installed files to '/home/benya/PycharmProjects/ros2_control_panel/build/rosboard/install.log'
[7.069s] Invoked command in '/home/benya/PycharmProjects/ros2_control_panel' returned '0': PYTHONPATH=/home/benya/PycharmProjects/ros2_control_panel/build/rosboard/prefix_override:/home/benya/.local/lib/python3.10/site-packages/colcon_core/task/python/colcon_distutils_commands:/home/benya/PycharmProjects/ros2_control_panel/install/rosboard/lib/python3.10/site-packages:${PYTHONPATH} /usr/bin/python3 -W ignore:setup.py install is deprecated -W ignore:easy_install command is deprecated setup.py egg_info --egg-base build/rosboard build --build-base /home/benya/PycharmProjects/ros2_control_panel/build/rosboard/build install --record /home/benya/PycharmProjects/ros2_control_panel/build/rosboard/install.log --single-version-externally-managed install_data
