running egg_info
writing build/rosboard/rosboard.egg-info/PKG-INFO
writing dependency_links to build/rosboard/rosboard.egg-info/dependency_links.txt
writing entry points to build/rosboard/rosboard.egg-info/entry_points.txt
writing requirements to build/rosboard/rosboard.egg-info/requires.txt
writing top-level names to build/rosboard/rosboard.egg-info/top_level.txt
reading manifest file 'build/rosboard/rosboard.egg-info/SOURCES.txt'
adding license file 'LICENSE'
writing manifest file 'build/rosboard/rosboard.egg-info/SOURCES.txt'
running build
running build_py
copying rosboard/html/js/index.js -> /home/benya/PycharmProjects/ros2_control_panel/build/rosboard/build/lib/rosboard/html/js
running install
running install_lib
copying /home/benya/PycharmProjects/ros2_control_panel/build/rosboard/build/lib/rosboard/html/js/index.js -> /home/benya/PycharmProjects/ros2_control_panel/install/rosboard/lib/python3.10/site-packages/rosboard/html/js
running install_data
running install_egg_info
removing '/home/benya/PycharmProjects/ros2_control_panel/install/rosboard/lib/python3.10/site-packages/rosboard-1.3.1-py3.10.egg-info' (and everything under it)
Copying build/rosboard/rosboard.egg-info to /home/benya/PycharmProjects/ros2_control_panel/install/rosboard/lib/python3.10/site-packages/rosboard-1.3.1-py3.10.egg-info
running install_scripts
Installing rosboard_node script to /home/benya/PycharmProjects/ros2_control_panel/install/rosboard/lib/rosboard
writing list of installed files to '/home/benya/PycharmProjects/ros2_control_panel/build/rosboard/install.log'
