[0.011s] Invoking command in '/home/benya/PycharmProjects/ros2_control_panel/build/rosboard': /usr/bin/cmake /home/benya/PycharmProjects/ros2_control_panel -DCATKIN_INSTALL_INTO_PREFIX_ROOT=0 -DCMAKE_INSTALL_PREFIX=/home/benya/PycharmProjects/ros2_control_panel/install/rosboard
[0.033s] [0mCMake Deprecation Warning at CMakeLists.txt:1 (cmake_minimum_required):
[0.033s]   Compatibility with CMake < 2.8.12 will be removed from a future version of
[0.034s]   CMake.
[0.034s] 
[0.034s]   Update the VERSION argument <min> value or use a ...<max> suffix to tell
[0.034s]   CMake that the project does not need compatibility with older versions.
[0.034s] 
[0.034s] [0m
[0.132s] -- The C compiler identification is GNU 11.4.0
[0.219s] -- The CXX compiler identification is GNU 11.4.0
[0.230s] -- Detecting C compiler ABI info
[0.309s] -- Detecting C compiler ABI info - done
[0.315s] -- Check for working C compiler: /usr/bin/cc - skipped
[0.316s] -- Detecting C compile features
[0.317s] -- Detecting C compile features - done
[0.320s] -- Detecting CXX compiler ABI info
[0.406s] -- Detecting CXX compiler ABI info - done
[0.416s] -- Check for working CXX compiler: /usr/bin/c++ - skipped
[0.416s] -- Detecting CXX compile features
[0.416s] -- Detecting CXX compile features - done
[0.429s] [31mCMake Error at CMakeLists.txt:4 (find_package):
[0.430s]   By not providing "Findcatkin.cmake" in CMAKE_MODULE_PATH this project has
[0.430s]   asked CMake to find a package configuration file provided by "catkin", but
[0.430s]   CMake did not find one.
[0.430s] 
[0.430s]   Could not find a package configuration file provided by "catkin" with any
[0.430s]   of the following names:
[0.430s] 
[0.430s]     catkinConfig.cmake
[0.430s]     catkin-config.cmake
[0.430s] 
[0.430s]   Add the installation prefix of "catkin" to CMAKE_PREFIX_PATH or set
[0.430s]   "catkin_DIR" to a directory containing one of the above files.  If "catkin"
[0.430s]   provides a separate development package or SDK, be sure it has been
[0.430s]   installed.
[0.430s] 
[0.431s] [0m
[0.431s] -- Configuring incomplete, errors occurred!
[0.431s] See also "/home/benya/PycharmProjects/ros2_control_panel/build/rosboard/CMakeFiles/CMakeOutput.log".
[0.432s] Invoked command in '/home/benya/PycharmProjects/ros2_control_panel/build/rosboard' returned '1': /usr/bin/cmake /home/benya/PycharmProjects/ros2_control_panel -DCATKIN_INSTALL_INTO_PREFIX_ROOT=0 -DCMAKE_INSTALL_PREFIX=/home/benya/PycharmProjects/ros2_control_panel/install/rosboard
